<?xml version="1.0" encoding="UTF-8"?>
<!-- Generated by org.testng.reporters.JUnitXMLReporter -->
<testsuite ignored="0" hostname="LAPTOP-4GHHF3C6" failures="0" tests="6" name="Test" time="31.126" errors="0" timestamp="2023-03-27T14:14:52 IST">
  <testcase classname="Testpack.Testpack" name="test2" time="0.005"/>
  <testcase classname="Testpack.Testpack" name="test3" time="0.001"/>
  <testcase classname="Testpack.Testpack" name="test1" time="0.001"/>
  <testcase classname="Testpack.Testpack" name="test4" time="0.001"/>
  <testcase classname="Testpack.Testng" name="VerifyToDesktopTab" time="4.193"/>
  <testcase classname="Testpack.Testng" name="verifyTofeatures" time="0.59"/>
</testsuite> <!-- Test -->
