<?xml version="1.0" encoding="UTF-8"?>
<!-- Generated by org.testng.reporters.JUnitXMLReporter -->
<testsuite ignored="0" hostname="LAPTOP-4GHHF3C6" failures="0" tests="4" name="ChromeTest" time="20.557" errors="0" timestamp="2023-04-04T15:04:03 IST">
  <testcase classname="Testpack.VerifyToFeatures" name="VerifyToDesktopTab" time="3.05"/>
  <testcase classname="Testpack.VerifyToDesktop" name="VerifyToDesktopTab" time="3.024"/>
  <testcase classname="Testpack.VerifyToFeatures" name="verifyTofeatures" time="0.727"/>
  <testcase classname="Testpack.VerifyToDesktop" name="verifyTofeatures" time="0.709"/>
</testsuite> <!-- ChromeTest -->
